<?xml version="1.0" encoding="UTF-8"?>
<!-- Generated by org.testng.reporters.JUnitXMLReporter -->
<testsuite hostname="Venkat-PC" ignored="0" name="Default test" tests="3" failures="0" timestamp="22 Jul 2019 17:22:07 GMT" time="121.745" errors="0">
  <testcase name="HomePageTC001_verifyNavigationlinks" time="2.017" classname="com.test.uiAutomation.MasherqDigital.HomePage.HomePageTestCases"/>
  <testcase name="HomePageTC002_ClickNavlink" time="1.678" classname="com.test.uiAutomation.MasherqDigital.HomePage.HomePageTestCases"/>
  <testcase name="HomePageTC003_ClicTooltiplink" time="3.766" classname="com.test.uiAutomation.MasherqDigital.HomePage.HomePageTestCases"/>
</testsuite> <!-- Default test -->
