<?xml version="1.0" encoding="UTF-8"?>
<!-- Generated by org.testng.reporters.JUnitXMLReporter -->
<testsuite hostname="Venkat-PC" ignored="0" name="HomePageTest" tests="7" failures="0" timestamp="22 Jul 2019 17:04:45 GMT" time="438.257" errors="0">
  <testcase name="HomePageTC001_verifyNavigationlinks" time="1.607" classname="com.test.uiAutomation.MasherqDigital.HomePage.HomePageTestCases"/>
  <testcase name="HomePageTC002_ClickNavlink" time="1.244" classname="com.test.uiAutomation.MasherqDigital.HomePage.HomePageTestCases"/>
  <testcase name="HomePageTC003_ClicTooltiplink" time="0.953" classname="com.test.uiAutomation.MasherqDigital.HomePage.HomePageTestCases"/>
  <testcase name="ContactPageTC001_verifyPhoneNumberField" time="11.617" classname="com.test.uiAutomation.MasherqDigital.ContactPage.ContactPageFieldValidationTestCases"/>
  <testcase name="ContactPageTC002_verify_Iamlookingto" time="10.967" classname="com.test.uiAutomation.MasherqDigital.ContactPage.ContactPageFieldValidationTestCases"/>
  <testcase name="ContactPageTC003_verifyContactFormFields_validdata" time="11.182" classname="com.test.uiAutomation.MasherqDigital.ContactPage.ContactPageFieldValidationTestCases"/>
  <testcase name="verifyContactFormFields" time="1.176" classname="com.test.uiAutomation.MasherqDigital.ContactPage.ContactPageTestCases"/>
</testsuite> <!-- HomePageTest -->
